<?xml version="1.0" encoding="UTF-8"?>
<testng-results ignored="0" total="1" passed="0" failed="1" skipped="0">
  <reporter-output>
  </reporter-output>
  <suite started-at="2021-06-26T15:00:09 COT" name="Default suite" finished-at="2021-06-26T15:00:52 COT" duration-ms="42897">
    <groups>
    </groups>
    <test started-at="2021-06-26T15:00:09 COT" name="Default test" finished-at="2021-06-26T15:00:52 COT" duration-ms="42897">
      <class name="com.udemy.spring.springselenium.test.googletest.GoogleTest">
        <test-method is-config="true" signature="springTestContextBeforeTestClass()[pri:0, instance:com.udemy.spring.springselenium.test.googletest.GoogleTest@3b2c0e88]" started-at="2021-06-26T15:00:09 COT" name="springTestContextBeforeTestClass" finished-at="2021-06-26T15:00:09 COT" duration-ms="21" status="PASS">
          <reporter-output>
          </reporter-output>
        </test-method> <!-- springTestContextBeforeTestClass -->
        <test-method is-config="true" signature="springTestContextPrepareTestInstance()[pri:0, instance:com.udemy.spring.springselenium.test.googletest.GoogleTest@3b2c0e88]" started-at="2021-06-26T15:00:09 COT" name="springTestContextPrepareTestInstance" finished-at="2021-06-26T15:00:14 COT" depends-on-methods="org.springframework.test.context.testng.AbstractTestNGSpringContextTests.springTestContextBeforeTestClass" duration-ms="5366" status="PASS">
          <reporter-output>
          </reporter-output>
        </test-method> <!-- springTestContextPrepareTestInstance -->
        <test-method is-config="true" signature="springTestContextBeforeTestMethod(java.lang.reflect.Method)[pri:0, instance:com.udemy.spring.springselenium.test.googletest.GoogleTest@3b2c0e88]" started-at="2021-06-26T15:00:14 COT" name="springTestContextBeforeTestMethod" finished-at="2021-06-26T15:00:14 COT" duration-ms="3" status="PASS">
          <params>
            <param index="0">
              <value>
                <![CDATA[public void com.udemy.spring.springselenium.test.googletest.GoogleTest.googleTest() throws java.io.IOException]]>
              </value>
            </param>
          </params>
          <reporter-output>
          </reporter-output>
        </test-method> <!-- springTestContextBeforeTestMethod -->
        <test-method signature="googleTest()[pri:0, instance:com.udemy.spring.springselenium.test.googletest.GoogleTest@3b2c0e88]" started-at="2021-06-26T15:00:14 COT" name="googleTest" finished-at="2021-06-26T15:00:52 COT" duration-ms="37445" status="FAIL">
          <exception class="org.openqa.selenium.TimeoutException">
            <message>
              <![CDATA[Expected condition failed: waiting for com.udemy.spring.springselenium.page.google.SearchResult$$Lambda$862/0x0000000800553c50@25470477 (tried for 30 second(s) with 500 milliseconds interval)
Build info: version: '3.141.59', revision: 'e82be7d358', time: '2018-11-14T08:17:03'
System info: host: 'DESKTOP-3EOJTAA', ip: '192.168.0.22', os.name: 'Windows 10', os.arch: 'amd64', os.version: '10.0', java.version: '15.0.1'
Driver info: org.openqa.selenium.chrome.ChromeDriver
Capabilities {acceptInsecureCerts: false, browserName: chrome, browserVersion: 91.0.4472.124, chrome: {chromedriverVersion: 91.0.4472.101 (af52a90bf870..., userDataDir: C:\Users\wilso\AppData\Loca...}, goog:chromeOptions: {debuggerAddress: localhost:1374}, javascriptEnabled: true, networkConnectionEnabled: false, pageLoadStrategy: normal, platform: WINDOWS, platformName: WINDOWS, proxy: Proxy(), setWindowRect: true, strictFileInteractability: false, timeouts: {implicit: 0, pageLoad: 300000, script: 30000}, unhandledPromptBehavior: dismiss and notify, webauthn:extension:largeBlob: true, webauthn:virtualAuthenticators: true}
Session ID: a8988dca501ffd4c5f893629f47b5d75]]>
            </message>
            <full-stacktrace>
              <![CDATA[org.openqa.selenium.TimeoutException: Expected condition failed: waiting for com.udemy.spring.springselenium.page.google.SearchResult$$Lambda$862/0x0000000800553c50@25470477 (tried for 30 second(s) with 500 milliseconds interval)
Build info: version: '3.141.59', revision: 'e82be7d358', time: '2018-11-14T08:17:03'
System info: host: 'DESKTOP-3EOJTAA', ip: '192.168.0.22', os.name: 'Windows 10', os.arch: 'amd64', os.version: '10.0', java.version: '15.0.1'
Driver info: org.openqa.selenium.chrome.ChromeDriver
Capabilities {acceptInsecureCerts: false, browserName: chrome, browserVersion: 91.0.4472.124, chrome: {chromedriverVersion: 91.0.4472.101 (af52a90bf870..., userDataDir: C:\Users\wilso\AppData\Loca...}, goog:chromeOptions: {debuggerAddress: localhost:1374}, javascriptEnabled: true, networkConnectionEnabled: false, pageLoadStrategy: normal, platform: WINDOWS, platformName: WINDOWS, proxy: Proxy(), setWindowRect: true, strictFileInteractability: false, timeouts: {implicit: 0, pageLoad: 300000, script: 30000}, unhandledPromptBehavior: dismiss and notify, webauthn:extension:largeBlob: true, webauthn:virtualAuthenticators: true}
Session ID: a8988dca501ffd4c5f893629f47b5d75
at org.openqa.selenium.support.ui.WebDriverWait.timeoutException(WebDriverWait.java:95)
at org.openqa.selenium.support.ui.FluentWait.until(FluentWait.java:272)
at com.udemy.spring.springselenium.page.google.SearchResult.isAt(SearchResult.java:23)
at com.udemy.spring.springselenium.test.googletest.GoogleTest.googleTest(GoogleTest.java:31)
at java.base/jdk.internal.reflect.NativeMethodAccessorImpl.invoke0(Native Method)
at java.base/jdk.internal.reflect.NativeMethodAccessorImpl.invoke(NativeMethodAccessorImpl.java:64)
at java.base/jdk.internal.reflect.DelegatingMethodAccessorImpl.invoke(DelegatingMethodAccessorImpl.java:43)
at java.base/java.lang.reflect.Method.invoke(Method.java:564)
at org.testng.internal.MethodInvocationHelper.invokeMethod(MethodInvocationHelper.java:134)
at org.testng.internal.MethodInvocationHelper$1.runTestMethod(MethodInvocationHelper.java:240)
at org.springframework.test.context.testng.AbstractTestNGSpringContextTests.run(AbstractTestNGSpringContextTests.java:181)
at org.testng.internal.MethodInvocationHelper.invokeHookable(MethodInvocationHelper.java:252)
at org.testng.internal.TestInvoker.invokeMethod(TestInvoker.java:593)
at org.testng.internal.TestInvoker.invokeTestMethod(TestInvoker.java:173)
at org.testng.internal.MethodRunner.runInSequence(MethodRunner.java:46)
at org.testng.internal.TestInvoker$MethodInvocationAgent.invoke(TestInvoker.java:816)
at org.testng.internal.TestInvoker.invokeTestMethods(TestInvoker.java:146)
at org.testng.internal.TestMethodWorker.invokeTestMethods(TestMethodWorker.java:146)
at org.testng.internal.TestMethodWorker.run(TestMethodWorker.java:128)
at java.base/java.util.ArrayList.forEach(ArrayList.java:1511)
at org.testng.TestRunner.privateRun(TestRunner.java:766)
at org.testng.TestRunner.run(TestRunner.java:587)
at org.testng.SuiteRunner.runTest(SuiteRunner.java:384)
at org.testng.SuiteRunner.runSequentially(SuiteRunner.java:378)
at org.testng.SuiteRunner.privateRun(SuiteRunner.java:337)
at org.testng.SuiteRunner.run(SuiteRunner.java:286)
at org.testng.SuiteRunnerWorker.runSuite(SuiteRunnerWorker.java:53)
at org.testng.SuiteRunnerWorker.run(SuiteRunnerWorker.java:96)
at org.testng.TestNG.runSuitesSequentially(TestNG.java:1187)
at org.testng.TestNG.runSuitesLocally(TestNG.java:1109)
at org.testng.TestNG.runSuites(TestNG.java:1039)
at org.testng.TestNG.run(TestNG.java:1007)
at org.testng.remote.AbstractRemoteTestNG.run(AbstractRemoteTestNG.java:115)
at org.testng.remote.RemoteTestNG.initAndRun(RemoteTestNG.java:251)
at org.testng.remote.RemoteTestNG.main(RemoteTestNG.java:77)
]]>
            </full-stacktrace>
          </exception> <!-- org.openqa.selenium.TimeoutException -->
          <reporter-output>
          </reporter-output>
        </test-method> <!-- googleTest -->
        <test-method is-config="true" signature="springTestContextAfterTestMethod(java.lang.reflect.Method)[pri:0, instance:com.udemy.spring.springselenium.test.googletest.GoogleTest@3b2c0e88]" started-at="2021-06-26T15:00:52 COT" name="springTestContextAfterTestMethod" finished-at="2021-06-26T15:00:52 COT" duration-ms="1" status="PASS">
          <params>
            <param index="0">
              <value>
                <![CDATA[public void com.udemy.spring.springselenium.test.googletest.GoogleTest.googleTest() throws java.io.IOException]]>
              </value>
            </param>
          </params>
          <reporter-output>
          </reporter-output>
        </test-method> <!-- springTestContextAfterTestMethod -->
        <test-method is-config="true" signature="springTestContextAfterTestClass()[pri:0, instance:com.udemy.spring.springselenium.test.googletest.GoogleTest@3b2c0e88]" started-at="2021-06-26T15:00:52 COT" name="springTestContextAfterTestClass" finished-at="2021-06-26T15:00:52 COT" duration-ms="2" status="PASS">
          <reporter-output>
          </reporter-output>
        </test-method> <!-- springTestContextAfterTestClass -->
      </class> <!-- com.udemy.spring.springselenium.test.googletest.GoogleTest -->
    </test> <!-- Default test -->
  </suite> <!-- Default suite -->
</testng-results>
